[02Aug2025 19:26:10.877] [main/INFO] [cpw.mods.modlauncher.Launcher/MODLAUNCHER]: ModLauncher running: args [--launchTarget, forgeclientuserdev, --version, 21.1.152, --assetIndex, 17, --assetsDir, C:\Users\Anoop Singh\.gradle\caches\neoformruntime\assets, --gameDir, ., --fml.neoForgeVersion, 21.1.152, --fml.fmlVersion, 4.0.38, --fml.mcVersion, 1.21.1, --fml.neoFormVersion, 20240808.144430]
[02Aug2025 19:26:10.881] [main/INFO] [cpw.mods.modlauncher.Launcher/MODLAUNCHER]: JVM identified as Eclipse Adoptium OpenJDK 64-Bit Server VM 21.0.7+6-LTS
[02Aug2025 19:26:10.882] [main/INFO] [cpw.mods.modlauncher.Launcher/MODLAUNCHER]: ModLauncher 11.0.4+main.d2e20e43 starting: java version 21.0.7 by Eclipse Adoptium; OS Windows 10 arch amd64 version 10.0
[02Aug2025 19:26:11.023] [main/INFO] [net.neoforged.fml.loading.ImmediateWindowHandler/]: Loading ImmediateWindowProvider fmlearlywindow
[02Aug2025 19:26:11.147] [main/INFO] [EARLYDISPLAY/]: Trying GL version 4.6
[02Aug2025 19:26:11.593] [main/INFO] [EARLYDISPLAY/]: Requested GL version 4.6 got version 4.6
[02Aug2025 19:26:11.693] [main/INFO] [mixin/]: SpongePowered MIXIN Subsystem Version=0.8.7 Source=union:/C:/Users/Anoop%20Singh/.gradle/caches/modules-2/files-2.1/net.fabricmc/sponge-mixin/0.15.2+mixin.0.8.7/2af2f021d8e02a0220dc27a7a72b4666d66d44ca/sponge-mixin-0.15.2+mixin.0.8.7.jar%23131!/ Service=ModLauncher Env=CLIENT
[02Aug2025 19:26:11.943] [pool-2-thread-1/INFO] [EARLYDISPLAY/]: GL info: NVIDIA GeForce RTX 5060/PCIe/SSE2 GL version 4.6.0 NVIDIA 577.00, NVIDIA Corporation
[02Aug2025 19:26:12.077] [main/INFO] [net.neoforged.fml.loading.moddiscovery.locators.JarInJarDependencyLocator/]: Found 2 dependencies adding them to mods collection
[02Aug2025 19:26:12.078] [main/INFO] [net.neoforged.fml.loading.moddiscovery.ModDiscoverer/]: 
     Mod List:
		Name Version (Mod Id)

		Cloth Config v15 API 15.0.140 (cloth_config)
		Minecraft 1.21.1 (minecraft)
		NeoForge 21.1.152 (neoforge)
		underground_village 1.5.5 (underground_village)
[02Aug2025 19:26:12.752] [main/INFO] [cpw.mods.modlauncher.LaunchServiceHandler/MODLAUNCHER]: Launching target 'forgeclientuserdev' with arguments [--version, 21.1.152, --gameDir, ., --assetsDir, C:\Users\Anoop Singh\.gradle\caches\neoformruntime\assets, --assetIndex, 17]
[02Aug2025 19:26:12.961] [main/WARN] [mixin/]: Reference map 'underground_village.refmap.json' for underground_village.mixins.json could not be read. If this is a development environment you can ignore this message
[02Aug2025 19:26:14.001] [Datafixer Bootstrap/INFO] [com.mojang.datafixers.DataFixerBuilder/]: 229 Datafixer optimizations took 174 milliseconds
[02Aug2025 19:26:14.901] [pool-8-thread-1/INFO] [MixinExtras|Service/]: Initializing MixinExtras via com.llamalad7.mixinextras.service.MixinExtrasServiceImpl(version=0.4.1).
[02Aug2025 19:26:18.494] [main/WARN] [net.minecraft.commands.Commands/]: Ambiguity between arguments [teleport, location] and [teleport, destination] with inputs: [0.1 -0.5 .9, 0 0 0]
[02Aug2025 19:26:18.495] [main/WARN] [net.minecraft.commands.Commands/]: Ambiguity between arguments [teleport, location] and [teleport, targets] with inputs: [0.1 -0.5 .9, 0 0 0]
[02Aug2025 19:26:18.497] [main/WARN] [net.minecraft.commands.Commands/]: Ambiguity between arguments [teleport, destination] and [teleport, targets] with inputs: [Player, 0123, @e, dd12be42-52a9-4a91-a8a1-11c01849e498]
[02Aug2025 19:26:18.498] [main/WARN] [net.minecraft.commands.Commands/]: Ambiguity between arguments [teleport, targets] and [teleport, destination] with inputs: [Player, 0123, dd12be42-52a9-4a91-a8a1-11c01849e498]
[02Aug2025 19:26:18.498] [main/WARN] [net.minecraft.commands.Commands/]: Ambiguity between arguments [teleport, targets, location] and [teleport, targets, destination] with inputs: [0.1 -0.5 .9, 0 0 0]
[02Aug2025 19:26:18.604] [Render thread/WARN] [net.minecraft.server.packs.VanillaPackResourcesBuilder/]: Assets URL 'union:/C:/Users/Anoop%20Singh/IdeaProjects/underground_village-neo-forge/build/moddev/artifacts/neoforge-21.1.152.jar%23183!/assets/.mcassetsroot' uses unexpected schema
[02Aug2025 19:26:18.604] [Render thread/WARN] [net.minecraft.server.packs.VanillaPackResourcesBuilder/]: Assets URL 'union:/C:/Users/Anoop%20Singh/IdeaProjects/underground_village-neo-forge/build/moddev/artifacts/neoforge-21.1.152.jar%23183!/data/.mcassetsroot' uses unexpected schema
[02Aug2025 19:26:18.631] [Render thread/INFO] [com.mojang.authlib.yggdrasil.YggdrasilAuthenticationService/]: Environment: Environment[sessionHost=https://sessionserver.mojang.com, servicesHost=https://api.minecraftservices.com, name=PROD]
[02Aug2025 19:26:18.642] [Render thread/INFO] [net.minecraft.client.Minecraft/]: Setting user: Dev
[02Aug2025 19:26:18.724] [Render thread/INFO] [net.minecraft.client.Minecraft/]: Backend library: LWJGL version 3.3.3+5
[02Aug2025 19:26:18.973] [modloading-worker-0/INFO] [net.neoforged.neoforge.common.NeoForgeMod/NEOFORGE-MOD]: NeoForge mod loading, version 21.1.152, for MC 1.21.1
[02Aug2025 19:26:19.748] [Render thread/INFO] [net.neoforged.neoforge.gametest.GameTestHooks/]: Enabled Gametest Namespaces: [underground_village]
[02Aug2025 19:26:19.881] [Render thread/INFO] [net.minecraft.server.packs.resources.ReloadableResourceManager/]: Reloading ResourceManager: vanilla, mod_resources, mod/cloth_config, mod/underground_village, mod/neoforge
[02Aug2025 19:26:19.972] [Worker-Main-4/INFO] [net.minecraft.client.gui.font.providers.UnihexProvider/]: Found unifont_all_no_pua-15.1.05.hex, loading
[02Aug2025 19:26:20.159] [Worker-Main-6/INFO] [net.minecraft.client.gui.font.providers.UnihexProvider/]: Found unifont_jp_patch-15.1.05.hex, loading
[02Aug2025 19:26:21.465] [Render thread/WARN] [net.minecraft.client.sounds.SoundEngine/]: Missing sound for event: minecraft:item.goat_horn.play
[02Aug2025 19:26:21.465] [Render thread/WARN] [net.minecraft.client.sounds.SoundEngine/]: Missing sound for event: minecraft:entity.goat.screaming.horn_break
[02Aug2025 19:26:21.562] [Render thread/INFO] [com.mojang.blaze3d.audio.Library/]: OpenAL initialized on device OpenAL Soft on R25f-30 (NVIDIA High Definition Audio)
[02Aug2025 19:26:21.562] [Render thread/INFO] [net.minecraft.client.sounds.SoundEngine/SOUNDS]: Sound engine started
[02Aug2025 19:26:21.699] [Render thread/INFO] [net.minecraft.client.renderer.texture.TextureAtlas/]: Created: 1024x512x4 minecraft:textures/atlas/blocks.png-atlas
[02Aug2025 19:26:21.707] [Render thread/INFO] [net.minecraft.client.renderer.texture.TextureAtlas/]: Created: 256x256x4 minecraft:textures/atlas/signs.png-atlas
[02Aug2025 19:26:21.707] [Render thread/INFO] [net.minecraft.client.renderer.texture.TextureAtlas/]: Created: 512x512x4 minecraft:textures/atlas/shield_patterns.png-atlas
[02Aug2025 19:26:21.708] [Render thread/INFO] [net.minecraft.client.renderer.texture.TextureAtlas/]: Created: 512x512x4 minecraft:textures/atlas/banner_patterns.png-atlas
[02Aug2025 19:26:21.708] [Render thread/INFO] [net.minecraft.client.renderer.texture.TextureAtlas/]: Created: 1024x1024x4 minecraft:textures/atlas/armor_trims.png-atlas
[02Aug2025 19:26:21.717] [Render thread/INFO] [net.minecraft.client.renderer.texture.TextureAtlas/]: Created: 128x64x4 minecraft:textures/atlas/decorated_pot.png-atlas
[02Aug2025 19:26:21.717] [Render thread/INFO] [net.minecraft.client.renderer.texture.TextureAtlas/]: Created: 256x256x4 minecraft:textures/atlas/chest.png-atlas
[02Aug2025 19:26:21.718] [Render thread/INFO] [net.minecraft.client.renderer.texture.TextureAtlas/]: Created: 512x256x4 minecraft:textures/atlas/beds.png-atlas
[02Aug2025 19:26:21.721] [Render thread/INFO] [net.minecraft.client.renderer.texture.TextureAtlas/]: Created: 512x256x4 minecraft:textures/atlas/shulker_boxes.png-atlas
[02Aug2025 19:26:21.938] [Render thread/INFO] [net.minecraft.client.renderer.texture.TextureAtlas/]: Created: 512x256x0 minecraft:textures/atlas/particles.png-atlas
[02Aug2025 19:26:21.943] [Render thread/INFO] [net.minecraft.client.renderer.texture.TextureAtlas/]: Created: 512x256x0 minecraft:textures/atlas/paintings.png-atlas
[02Aug2025 19:26:21.943] [Render thread/INFO] [net.minecraft.client.renderer.texture.TextureAtlas/]: Created: 256x128x0 minecraft:textures/atlas/mob_effects.png-atlas
[02Aug2025 19:26:21.943] [Render thread/INFO] [net.minecraft.client.renderer.texture.TextureAtlas/]: Created: 64x64x0 minecraft:textures/atlas/map_decorations.png-atlas
[02Aug2025 19:26:21.944] [Render thread/INFO] [net.minecraft.client.renderer.texture.TextureAtlas/]: Created: 1024x512x0 minecraft:textures/atlas/gui.png-atlas
[02Aug2025 19:26:21.982] [Render thread/WARN] [net.minecraft.client.renderer.ShaderInstance/]: Shader rendertype_entity_translucent_emissive could not find sampler named Sampler2 in the specified shader program.
[02Aug2025 19:26:22.021] [Render thread/INFO] [net.neoforged.neoforge.client.entity.animation.json.AnimationLoader/]: Loaded 0 entity animations
[02Aug2025 19:41:20.404] [Render thread/INFO] [net.minecraft.client.sounds.SoundEngine/]: Audio device was lost!
[02Aug2025 19:41:20.411] [Render thread/WARN] [net.minecraft.client.sounds.SoundEngine/]: Missing sound for event: minecraft:item.goat_horn.play
[02Aug2025 19:41:20.411] [Render thread/WARN] [net.minecraft.client.sounds.SoundEngine/]: Missing sound for event: minecraft:entity.goat.screaming.horn_break
[02Aug2025 19:41:20.487] [Render thread/INFO] [com.mojang.blaze3d.audio.Library/]: OpenAL initialized on device OpenAL Soft on Speakers (Realtek(R) Audio)
[02Aug2025 19:41:20.488] [Render thread/INFO] [net.minecraft.client.sounds.SoundEngine/SOUNDS]: Sound engine started
[02Aug2025 19:41:20.610] [IO-Worker-1/INFO] [net.minecraft.client.sounds.SoundEngine/]: System default audio device has changed!
[02Aug2025 19:41:20.658] [Render thread/WARN] [net.minecraft.client.sounds.SoundEngine/]: Missing sound for event: minecraft:item.goat_horn.play
[02Aug2025 19:41:20.658] [Render thread/WARN] [net.minecraft.client.sounds.SoundEngine/]: Missing sound for event: minecraft:entity.goat.screaming.horn_break
[02Aug2025 19:41:20.683] [Render thread/INFO] [com.mojang.blaze3d.audio.Library/]: OpenAL initialized on device OpenAL Soft on Speakers (Realtek(R) Audio)
[02Aug2025 19:41:20.683] [Render thread/INFO] [net.minecraft.client.sounds.SoundEngine/SOUNDS]: Sound engine started
[02Aug2025 19:51:14.800] [IO-Worker-1/INFO] [net.minecraft.client.sounds.SoundEngine/]: System default audio device has changed!
[02Aug2025 19:51:14.849] [Render thread/WARN] [net.minecraft.client.sounds.SoundEngine/]: Missing sound for event: minecraft:item.goat_horn.play
[02Aug2025 19:51:14.850] [Render thread/WARN] [net.minecraft.client.sounds.SoundEngine/]: Missing sound for event: minecraft:entity.goat.screaming.horn_break
[02Aug2025 19:51:14.870] [Render thread/INFO] [com.mojang.blaze3d.audio.Library/]: OpenAL initialized on device OpenAL Soft on R25f-30 (NVIDIA High Definition Audio)
[02Aug2025 19:51:14.871] [Render thread/INFO] [net.minecraft.client.sounds.SoundEngine/SOUNDS]: Sound engine started
[02Aug2025 19:51:33.599] [Render thread/INFO] [net.minecraft.world.level.storage.LevelStorageSource/]: Deleting level New World
[02Aug2025 19:51:33.599] [Render thread/INFO] [net.minecraft.world.level.storage.LevelStorageSource/]: Attempt 1...
[02Aug2025 19:51:38.528] [Worker-Main-14/ERROR] [net.minecraft.world.level.storage.loot.LootDataType/]: Couldn't parse element ResourceKey[minecraft:root / minecraft:loot_table]:stoneholm:andesite_worker - Unknown registry key in ResourceKey[minecraft:root / minecraft:item]: create:precision_mechanism; Unknown registry key in ResourceKey[minecraft:root / minecraft:item]: create:rose_quartz; Unknown registry key in ResourceKey[minecraft:root / minecraft:item]: create:electron_tube; Unknown registry key in ResourceKey[minecraft:root / minecraft:item]: create:brass_sheet; Unknown registry key in ResourceKey[minecraft:root / minecraft:item]: create:copper_sheet; Unknown registry key in ResourceKey[minecraft:root / minecraft:item]: create:brass_ingot; Unknown registry key in ResourceKey[minecraft:root / minecraft:item]: create:large_cogwheel; Unknown registry key in ResourceKey[minecraft:root / minecraft:item]: create:cogwheel; Unknown registry key in ResourceKey[minecraft:root / minecraft:item]: create:shaft; Unknown registry key in ResourceKey[minecraft:root / minecraft:item]: create:andesite_alloy
[02Aug2025 19:51:38.558] [Worker-Main-14/ERROR] [net.minecraft.world.level.storage.loot.LootDataType/]: Couldn't parse element ResourceKey[minecraft:root / minecraft:loot_table]:stoneholm:copper_worker - Unknown registry key in ResourceKey[minecraft:root / minecraft:item]: create:precision_mechanism; Unknown registry key in ResourceKey[minecraft:root / minecraft:item]: create:rose_quartz; Unknown registry key in ResourceKey[minecraft:root / minecraft:item]: create:electron_tube; Unknown registry key in ResourceKey[minecraft:root / minecraft:item]: create:brass_sheet; Unknown registry key in ResourceKey[minecraft:root / minecraft:item]: create:copper_sheet; Unknown registry key in ResourceKey[minecraft:root / minecraft:item]: create:brass_ingot; Unknown registry key in ResourceKey[minecraft:root / minecraft:item]: create:large_cogwheel; Unknown registry key in ResourceKey[minecraft:root / minecraft:item]: create:cogwheel; Unknown registry key in ResourceKey[minecraft:root / minecraft:item]: create:shaft; Unknown registry key in ResourceKey[minecraft:root / minecraft:item]: create:andesite_alloy
[02Aug2025 19:51:38.578] [Worker-Main-14/ERROR] [net.minecraft.world.level.storage.loot.LootDataType/]: Couldn't parse element ResourceKey[minecraft:root / minecraft:loot_table]:stoneholm:brass_worker - Unknown registry key in ResourceKey[minecraft:root / minecraft:item]: create:precision_mechanism; Unknown registry key in ResourceKey[minecraft:root / minecraft:item]: create:rose_quartz; Unknown registry key in ResourceKey[minecraft:root / minecraft:item]: create:electron_tube; Unknown registry key in ResourceKey[minecraft:root / minecraft:item]: create:brass_sheet; Unknown registry key in ResourceKey[minecraft:root / minecraft:item]: create:copper_sheet; Unknown registry key in ResourceKey[minecraft:root / minecraft:item]: create:brass_ingot; Unknown registry key in ResourceKey[minecraft:root / minecraft:item]: create:large_cogwheel; Unknown registry key in ResourceKey[minecraft:root / minecraft:item]: create:cogwheel; Unknown registry key in ResourceKey[minecraft:root / minecraft:item]: create:shaft; Unknown registry key in ResourceKey[minecraft:root / minecraft:item]: create:andesite_alloy
[02Aug2025 19:51:38.595] [Worker-Main-14/ERROR] [net.minecraft.world.level.storage.loot.LootDataType/]: Couldn't parse element ResourceKey[minecraft:root / minecraft:loot_table]:stoneholm:cleric - Failed to parse either. First: Unknown registry key in ResourceKey[minecraft:root / minecraft:loot_function_type]: minecraft:set_nbt; Second: Not a json array: {"function":"minecraft:set_nbt","tag":"{Potion:\"minecraft:invisibility\"}"}; Failed to parse either. First: Unknown registry key in ResourceKey[minecraft:root / minecraft:loot_function_type]: minecraft:set_nbt; Second: Not a json array: {"function":"minecraft:set_nbt","tag":"{Potion:\"minecraft:strength\"}"}; Failed to parse either. First: Unknown registry key in ResourceKey[minecraft:root / minecraft:loot_function_type]: minecraft:set_nbt; Second: Not a json array: {"function":"minecraft:set_nbt","tag":"{Potion:\"minecraft:strong_harming\"}"}; Failed to parse either. First: Unknown registry key in ResourceKey[minecraft:root / minecraft:loot_function_type]: minecraft:set_nbt; Second: Not a json array: {"function":"minecraft:set_nbt","tag":"{Potion:\"minecraft:night_vision\"}"}; Failed to parse either. First: Unknown registry key in ResourceKey[minecraft:root / minecraft:loot_function_type]: minecraft:set_nbt; Second: Not a json array: {"function":"minecraft:set_nbt","tag":"{Potion:\"minecraft:regeneration\"}"}
[02Aug2025 19:51:38.806] [Render thread/INFO] [net.minecraft.world.item.crafting.RecipeManager/]: Loaded 1290 recipes
[02Aug2025 19:51:38.951] [Render thread/INFO] [net.minecraft.advancements.AdvancementTree/]: Loaded 1399 advancements
[02Aug2025 19:51:41.001] [Server thread/INFO] [net.minecraft.client.server.IntegratedServer/]: Starting integrated minecraft server version 1.21.1
[02Aug2025 19:51:41.001] [Server thread/INFO] [net.minecraft.server.MinecraftServer/]: Generating keypair
[02Aug2025 19:51:46.697] [Server thread/INFO] [net.minecraft.server.MinecraftServer/]: Preparing start region for dimension minecraft:overworld
[02Aug2025 19:51:46.731] [progressListener/INFO] [net.minecraft.server.level.progress.LoggerChunkProgressListener/]: Preparing spawn area: 2%
[02Aug2025 19:51:47.221] [progressListener/INFO] [net.minecraft.server.level.progress.LoggerChunkProgressListener/]: Preparing spawn area: 2%
[02Aug2025 19:51:47.723] [progressListener/INFO] [net.minecraft.server.level.progress.LoggerChunkProgressListener/]: Preparing spawn area: 2%
[02Aug2025 19:51:48.213] [progressListener/INFO] [net.minecraft.server.level.progress.LoggerChunkProgressListener/]: Preparing spawn area: 18%
[02Aug2025 19:51:48.727] [progressListener/INFO] [net.minecraft.server.level.progress.LoggerChunkProgressListener/]: Preparing spawn area: 18%
[02Aug2025 19:51:49.228] [progressListener/INFO] [net.minecraft.server.level.progress.LoggerChunkProgressListener/]: Preparing spawn area: 51%
[02Aug2025 19:51:49.725] [progressListener/INFO] [net.minecraft.server.level.progress.LoggerChunkProgressListener/]: Preparing spawn area: 51%
[02Aug2025 19:51:49.870] [progressListener/INFO] [net.minecraft.server.level.progress.LoggerChunkProgressListener/]: Time elapsed: 3158 ms
[02Aug2025 19:51:49.910] [Server thread/INFO] [net.neoforged.neoforge.server.permission.PermissionAPI/]: Successfully initialized permission handler neoforge:default_handler
[02Aug2025 19:51:50.282] [Server thread/INFO] [net.minecraft.client.server.IntegratedServer/]: Changing view distance to 12, from 10
[02Aug2025 19:51:50.282] [Server thread/INFO] [net.minecraft.client.server.IntegratedServer/]: Changing simulation distance to 12, from 0
[02Aug2025 19:51:51.049] [Server thread/INFO] [net.minecraft.server.players.PlayerList/]: Dev[local:E:aceb3518] logged in with entity id 15 at (-7.5, 116.0, -1.5)
[02Aug2025 19:51:51.110] [Server thread/INFO] [net.minecraft.server.MinecraftServer/]: Dev joined the game
[02Aug2025 19:51:51.228] [Render thread/INFO] [net.minecraft.client.gui.components.ChatComponent/]: [System] [CHAT] Hello! Thank you for downloading. Join our Discord for the full changelog, or check it out on GitHub!Underground Village,StoneHolm
[02Aug2025 19:51:51.234] [Render thread/INFO] [net.minecraft.client.gui.components.ChatComponent/]: [System] [CHAT] 
[02Aug2025 19:51:51.235] [Render thread/INFO] [net.minecraft.client.gui.components.ChatComponent/]: [System] [CHAT]  - Changelog/Discord  (support, updates)
[02Aug2025 19:51:51.236] [Render thread/INFO] [net.minecraft.client.gui.components.ChatComponent/]: [System] [CHAT]  - ZAP-Hosting  (20% off with code Reggarf-1047)
[02Aug2025 19:51:51.236] [Render thread/INFO] [net.minecraft.client.gui.components.ChatComponent/]: [System] [CHAT]  - Issue Tracker (github/wiki)
[02Aug2025 19:51:51.236] [Render thread/INFO] [net.minecraft.client.gui.components.ChatComponent/]: [System] [CHAT]  - Disable this message (Mod config)
[02Aug2025 19:51:51.239] [Render thread/INFO] [net.minecraft.advancements.AdvancementTree/]: Loaded 2 advancements
[02Aug2025 19:51:51.812] [Server thread/INFO] [net.minecraft.client.server.IntegratedServer/]: Saving and pausing game...
[02Aug2025 19:51:51.959] [Server thread/INFO] [net.minecraft.server.MinecraftServer/]: Saving chunks for level 'ServerLevel[New World]'/minecraft:overworld
[02Aug2025 19:51:51.975] [Server thread/INFO] [net.minecraft.server.MinecraftServer/]: Saving chunks for level 'ServerLevel[New World]'/minecraft:the_nether
[02Aug2025 19:51:51.976] [Server thread/INFO] [net.minecraft.server.MinecraftServer/]: Saving chunks for level 'ServerLevel[New World]'/minecraft:the_end
[02Aug2025 19:52:07.626] [Server thread/INFO] [net.minecraft.client.server.IntegratedServer/]: Saving and pausing game...
[02Aug2025 19:52:07.687] [Server thread/INFO] [net.minecraft.server.MinecraftServer/]: Saving chunks for level 'ServerLevel[New World]'/minecraft:overworld
[02Aug2025 19:52:07.697] [Server thread/INFO] [net.minecraft.server.MinecraftServer/]: Saving chunks for level 'ServerLevel[New World]'/minecraft:the_nether
[02Aug2025 19:52:07.698] [Server thread/INFO] [net.minecraft.server.MinecraftServer/]: Saving chunks for level 'ServerLevel[New World]'/minecraft:the_end
[02Aug2025 19:52:08.200] [Server thread/INFO] [net.minecraft.server.network.ServerGamePacketListenerImpl/]: Dev lost connection: Disconnected
[02Aug2025 19:52:08.201] [Server thread/INFO] [net.minecraft.server.MinecraftServer/]: Dev left the game
[02Aug2025 19:52:08.210] [Server thread/INFO] [net.minecraft.server.network.ServerCommonPacketListenerImpl/]: Stopping singleplayer server as player logged out
[02Aug2025 19:52:08.254] [Server thread/INFO] [net.minecraft.server.MinecraftServer/]: Stopping server
[02Aug2025 19:52:08.254] [Server thread/INFO] [net.minecraft.server.MinecraftServer/]: Saving players
[02Aug2025 19:52:08.255] [Server thread/INFO] [net.minecraft.server.MinecraftServer/]: Saving worlds
[02Aug2025 19:52:10.120] [Server thread/INFO] [net.minecraft.server.MinecraftServer/]: Saving chunks for level 'ServerLevel[New World]'/minecraft:overworld
[02Aug2025 19:52:10.260] [Server thread/INFO] [net.minecraft.server.MinecraftServer/]: Saving chunks for level 'ServerLevel[New World]'/minecraft:the_nether
[02Aug2025 19:52:10.263] [Server thread/INFO] [net.minecraft.server.MinecraftServer/]: Saving chunks for level 'ServerLevel[New World]'/minecraft:the_end
[02Aug2025 19:52:10.270] [Server thread/INFO] [net.minecraft.server.MinecraftServer/]: ThreadedAnvilChunkStorage (New World): All chunks are saved
[02Aug2025 19:52:10.270] [Server thread/INFO] [net.minecraft.server.MinecraftServer/]: ThreadedAnvilChunkStorage (DIM-1): All chunks are saved
[02Aug2025 19:52:10.271] [Server thread/INFO] [net.minecraft.server.MinecraftServer/]: ThreadedAnvilChunkStorage (DIM1): All chunks are saved
[02Aug2025 19:52:10.271] [Server thread/INFO] [net.minecraft.server.MinecraftServer/]: ThreadedAnvilChunkStorage: All dimensions are saved
[02Aug2025 19:52:11.616] [Render thread/INFO] [net.minecraft.client.Minecraft/]: Stopping!
